<?xml version="1.0" encoding="UTF-8"?>
<!-- Generated by org.testng.reporters.JUnitReportReporter -->
<testsuite hostname="LAPTOP-O680H5P2" name="com.zoopla.tests.HomePageTest" tests="2" failures="0" timestamp="22 Aug 2019 23:48:56 GMT" time="25.453" errors="0">
  <testcase name="verifysearchLocation" time="19.568" classname="com.zoopla.tests.HomePageTest"/>
  <testcase name="verifyhomePageTitleTest" time="5.885" classname="com.zoopla.tests.HomePageTest"/>
</testsuite> <!-- com.zoopla.tests.HomePageTest -->
