<?xml version="1.0" encoding="UTF-8"?>
<!-- Generated by org.testng.reporters.JUnitReportReporter -->
<testsuite hostname="LAPTOP-O680H5P2" name="com.zoopla.tests.PropertyDtlPageTest" tests="1" failures="0" timestamp="23 Aug 2019 04:18:57 GMT" time="28.010" errors="0">
  <testcase name="getAgentDetailTest" time="28.010" classname="com.zoopla.tests.PropertyDtlPageTest"/>
</testsuite> <!-- com.zoopla.tests.PropertyDtlPageTest -->
