<?xml version="1.0" encoding="UTF-8"?>
<!-- Generated by org.testng.reporters.JUnitReportReporter -->
<testsuite skipped="0" hostname="LAPTOP-O680H5P2" name="com.zoopla.tests.ForSalePageTest" tests="1" failures="0" timestamp="23 Aug 2019 05:47:47 GMT" time="15.272" errors="0">
  <testcase name="getAllPropertiesPrice" time="15.272" classname="com.zoopla.tests.ForSalePageTest"/>
</testsuite> <!-- com.zoopla.tests.ForSalePageTest -->
