<?xml version="1.0" encoding="UTF-8"?>
<!-- Generated by org.testng.reporters.JUnitReportReporter -->
<testsuite skipped="0" hostname="LAPTOP-O680H5P2" name="com.zoopla.tests.HomePageTest" tests="2" failures="0" timestamp="23 Aug 2019 05:47:47 GMT" time="18.221" errors="0">
  <testcase name="verifysearchLocation" time="11.361" classname="com.zoopla.tests.HomePageTest"/>
  <testcase name="verifyhomePageTitleTest" time="6.860" classname="com.zoopla.tests.HomePageTest"/>
</testsuite> <!-- com.zoopla.tests.HomePageTest -->
